<?xml version="1.0" encoding="UTF-8"?>
<!-- Generated by org.testng.reporters.JUnitReportReporter -->
<testsuite skipped="0" hostname="DESKTOP-3H1UIP1" name="com.banking.qa.testcases.TransferFundPageTest" tests="5" failures="0" timestamp="2021-09-13T13:25:44 IST" time="2.580" errors="0">
  <testcase name="transferFundspage_Validation" time="1.296" classname="com.banking.qa.testcases.TransferFundPageTest"/>
  <system-out/>
  <testcase name="transferAmount" time="1.015" classname="com.banking.qa.testcases.TransferFundPageTest"/>
  <system-out/>
  <testcase name="amountValidation" time="0.097" classname="com.banking.qa.testcases.TransferFundPageTest"/>
  <system-out/>
  <testcase name="fromAcctValidation" time="0.093" classname="com.banking.qa.testcases.TransferFundPageTest"/>
  <system-out/>
  <testcase name="toAcctValidation" time="0.079" classname="com.banking.qa.testcases.TransferFundPageTest"/>
  <system-out/>
</testsuite> <!-- com.banking.qa.testcases.TransferFundPageTest -->
