<?xml version="1.0" encoding="UTF-8"?>
<!-- Generated by org.testng.reporters.JUnitReportReporter -->
<testsuite skipped="0" hostname="DESKTOP-3H1UIP1" name="com.banking.qa.testcases.HomePageTest" tests="3" failures="0" timestamp="2021-09-13T13:25:44 IST" time="2.051" errors="0">
  <testcase name="acctSelection" time="1.845" classname="com.banking.qa.testcases.HomePageTest"/>
  <system-out/>
  <testcase name="accountValidation" time="0.054" classname="com.banking.qa.testcases.HomePageTest"/>
  <system-out/>
  <testcase name="dateValidation" time="0.152" classname="com.banking.qa.testcases.HomePageTest"/>
  <system-out/>
</testsuite> <!-- com.banking.qa.testcases.HomePageTest -->
