<?xml version="1.0" encoding="UTF-8"?>
<!-- Generated by org.testng.reporters.JUnitReportReporter -->
<testsuite skipped="0" hostname="DESKTOP-3H1UIP1" name="com.banking.qa.testcases.AccountInformationpageTest" tests="3" failures="0" timestamp="2021-09-13T13:25:44 IST" time="4.377" errors="0">
  <testcase name="debitAmtValidation" time="2.270" classname="com.banking.qa.testcases.AccountInformationpageTest"/>
  <system-out/>
  <testcase name="creditAmtValidation" time="0.918" classname="com.banking.qa.testcases.AccountInformationpageTest"/>
  <system-out/>
  <testcase name="clickonSingoff" time="1.189" classname="com.banking.qa.testcases.AccountInformationpageTest"/>
  <system-out/>
</testsuite> <!-- com.banking.qa.testcases.AccountInformationpageTest -->
