<?xml version="1.0" encoding="UTF-8"?>
<!-- Generated by org.testng.reporters.JUnitReportReporter -->
<testsuite skipped="0" hostname="DESKTOP-3H1UIP1" name="com.banking.qa.testcases.LoginPageTest" tests="4" failures="0" timestamp="2021-09-13T13:25:44 IST" time="36.214" errors="0">
  <testcase name="AltoroMutualLogoTest" time="15.687" classname="com.banking.qa.testcases.LoginPageTest"/>
  <system-out/>
  <testcase name="tabValidationTest" time="6.605" classname="com.banking.qa.testcases.LoginPageTest"/>
  <system-out/>
  <testcase name="login_Failed_Msg_Test" time="6.502" classname="com.banking.qa.testcases.LoginPageTest"/>
  <system-out/>
  <testcase name="loginTest" time="7.420" classname="com.banking.qa.testcases.LoginPageTest"/>
  <system-out/>
</testsuite> <!-- com.banking.qa.testcases.LoginPageTest -->
